
> /usr/local/bin/archivebox server --quick-init 0.0.0.0:8000; TS=2026-03-31__18:57:56 VERSION=0.7.3 IN_DOCKER=True IS_TTY=False

> /usr/local/bin/archivebox server --quick-init 0.0.0.0:8000; TS=2026-03-31__18:57:56 VERSION=0.7.3 IN_DOCKER=True IS_TTY=False

> /usr/local/bin/archivebox server --quick-init 0.0.0.0:8000; TS=2026-03-31__18:57:58 VERSION=0.7.3 IN_DOCKER=True IS_TTY=False

> /usr/local/bin/archivebox add --depth=0 https://medium.com/bugbountywriteup/%EF%B8%8F-sql-injection-for-beginners-the-complete-guide-2750907b095b; TS=2026-03-31__19:01:58 VERSION=0.7.3 IN_DOCKER=True IS_TTY=True

Exception in archive_methods.save_htmltotext(Link(url=https://medium.com/bugbountywriteup/%EF%B8%8F-sql-injection-for-beginners-the-complete-guide-2750907b095b)) command=/usr/local/bin/archivebox add --depth=0 https://medium.com/bugbountywriteup/%EF%B8%8F-sql-injection-for-beginners-the-complete-guide-2750907b095b; ts=2026-03-31__19:03:41
cannot access local variable 'cmd' where it is not associated with a value

> /usr/local/bin/archivebox server --quick-init 0.0.0.0:8000; TS=2026-03-31__19:13:52 VERSION=0.7.3 IN_DOCKER=True IS_TTY=False

> /usr/local/bin/archivebox server --quick-init 0.0.0.0:8000; TS=2026-03-31__19:13:52 VERSION=0.7.3 IN_DOCKER=True IS_TTY=False

> /usr/local/bin/archivebox server --quick-init 0.0.0.0:8000; TS=2026-03-31__19:13:53 VERSION=0.7.3 IN_DOCKER=True IS_TTY=False

> /usr/local/bin/archivebox server --quick-init 0.0.0.0:8000; TS=2026-04-01__04:20:04 VERSION=0.7.3 IN_DOCKER=True IS_TTY=False

> /usr/local/bin/archivebox server --quick-init 0.0.0.0:8000; TS=2026-04-01__04:20:04 VERSION=0.7.3 IN_DOCKER=True IS_TTY=False

> /usr/local/bin/archivebox server --quick-init 0.0.0.0:8000; TS=2026-04-01__04:20:05 VERSION=0.7.3 IN_DOCKER=True IS_TTY=False

> /usr/local/bin/archivebox add --depth=0 https://medium.com/bug-bounty-hunting-a-comprehensive-guide-in/%EF%B8%8F-top-10-burp-suite-extensions-for-bug-bounty-hunters-dda6eca60617; TS=2026-04-01__04:21:19 VERSION=0.7.3 IN_DOCKER=True IS_TTY=False

> /usr/local/bin/archivebox add --depth=0 https://medium.com/@vplevris/you-can-fill-it-but-you-cant-paint-it-5959e9d67cbf; TS=2026-04-01__04:22:24 VERSION=0.7.3 IN_DOCKER=True IS_TTY=False

Exception in archive_methods.save_htmltotext(Link(url=https://medium.com/bug-bounty-hunting-a-comprehensive-guide-in/%EF%B8%8F-top-10-burp-suite-extensions-for-bug-bounty-hunters-dda6eca60617)) command=/usr/local/bin/archivebox add --depth=0 https://medium.com/bug-bounty-hunting-a-comprehensive-guide-in/%EF%B8%8F-top-10-burp-suite-extensions-for-bug-bounty-hunters-dda6eca60617; ts=2026-04-01__04:22:34
cannot access local variable 'cmd' where it is not associated with a value

Exception in archive_methods.save_htmltotext(Link(url=https://medium.com/@vplevris/you-can-fill-it-but-you-cant-paint-it-5959e9d67cbf)) command=/usr/local/bin/archivebox add --depth=0 https://medium.com/@vplevris/you-can-fill-it-but-you-cant-paint-it-5959e9d67cbf; ts=2026-04-01__04:23:37
cannot access local variable 'cmd' where it is not associated with a value

> /usr/local/bin/archivebox add --depth=0 https://medium.com/bug-bounty-hunting-a-comprehensive-guide-in/%EF%B8%8F-top-10-burp-suite-extensions-for-bug-bounty-hunters-dda6eca60617; TS=2026-04-01__04:23:47 VERSION=0.7.3 IN_DOCKER=True IS_TTY=False

> /usr/local/bin/archivebox add --depth=0 https://medium.com/bug-bounty-hunting-a-comprehensive-guide-in/%EF%B8%8F-top-10-burp-suite-extensions-for-bug-bounty-hunters-dda6eca60617; TS=2026-04-01__04:24:01 VERSION=0.7.3 IN_DOCKER=True IS_TTY=False

> /usr/local/bin/archivebox add --depth=0 https://medium.com/bug-bounty-hunting-a-comprehensive-guide-in/%EF%B8%8F-top-10-burp-suite-extensions-for-bug-bounty-hunters-dda6eca60617; TS=2026-04-01__04:24:40 VERSION=0.7.3 IN_DOCKER=True IS_TTY=False

> /usr/local/bin/archivebox add --depth=0 https://medium.com/bug-bounty-hunting-a-comprehensive-guide-in/%EF%B8%8F-top-10-burp-suite-extensions-for-bug-bounty-hunters-dda6eca60617; TS=2026-04-01__04:27:18 VERSION=0.7.3 IN_DOCKER=True IS_TTY=False

> /usr/local/bin/archivebox add --depth=0 https://medium.com/bug-bounty-hunting-a-comprehensive-guide-in/%EF%B8%8F-top-10-burp-suite-extensions-for-bug-bounty-hunters-dda6eca60617; TS=2026-04-01__04:27:58 VERSION=0.7.3 IN_DOCKER=True IS_TTY=False

> /usr/local/bin/archivebox add --depth=0 https://medium.com/bug-bounty-hunting-a-comprehensive-guide-in/%EF%B8%8F-top-10-burp-suite-extensions-for-bug-bounty-hunters-dda6eca60617; TS=2026-04-01__04:28:28 VERSION=0.7.3 IN_DOCKER=True IS_TTY=False

> /usr/local/bin/archivebox add --depth=0 https://medium.com/bug-bounty-hunting-a-comprehensive-guide-in/%EF%B8%8F-top-10-burp-suite-extensions-for-bug-bounty-hunters-dda6eca60617; TS=2026-04-01__04:28:53 VERSION=0.7.3 IN_DOCKER=True IS_TTY=False

> /usr/local/bin/archivebox add --depth=0 https://medium.com/bug-bounty-hunting-a-comprehensive-guide-in/%EF%B8%8F-top-10-burp-suite-extensions-for-bug-bounty-hunters-dda6eca60617; TS=2026-04-01__04:29:33 VERSION=0.7.3 IN_DOCKER=True IS_TTY=False

> /usr/local/bin/archivebox add --depth=0 https://medium.com/bug-bounty-hunting-a-comprehensive-guide-in/%EF%B8%8F-top-10-burp-suite-extensions-for-bug-bounty-hunters-dda6eca60617; TS=2026-04-01__04:30:03 VERSION=0.7.3 IN_DOCKER=True IS_TTY=False

> /usr/local/bin/archivebox add --depth=0 https://medium.com/bug-bounty-hunting-a-comprehensive-guide-in/%EF%B8%8F-top-10-burp-suite-extensions-for-bug-bounty-hunters-dda6eca60617; TS=2026-04-01__04:30:36 VERSION=0.7.3 IN_DOCKER=True IS_TTY=False

> /usr/local/bin/archivebox add --depth=0 https://medium.com/bug-bounty-hunting-a-comprehensive-guide-in/%EF%B8%8F-top-10-burp-suite-extensions-for-bug-bounty-hunters-dda6eca60617; TS=2026-04-01__04:31:25 VERSION=0.7.3 IN_DOCKER=True IS_TTY=False

> /usr/local/bin/archivebox add --depth=0 https://medium.com/bug-bounty-hunting-a-comprehensive-guide-in/%EF%B8%8F-top-10-burp-suite-extensions-for-bug-bounty-hunters-dda6eca60617; TS=2026-04-01__04:31:54 VERSION=0.7.3 IN_DOCKER=True IS_TTY=False

> /usr/local/bin/archivebox add --depth=0 https://medium.com/bug-bounty-hunting-a-comprehensive-guide-in/%EF%B8%8F-top-10-burp-suite-extensions-for-bug-bounty-hunters-dda6eca60617; TS=2026-04-01__04:32:36 VERSION=0.7.3 IN_DOCKER=True IS_TTY=False

> /usr/local/bin/archivebox add --depth=0 https://medium.com/bug-bounty-hunting-a-comprehensive-guide-in/%EF%B8%8F-top-10-burp-suite-extensions-for-bug-bounty-hunters-dda6eca60617; TS=2026-04-01__04:33:15 VERSION=0.7.3 IN_DOCKER=True IS_TTY=False

> /usr/local/bin/archivebox add --depth=0 https://medium.com/bug-bounty-hunting-a-comprehensive-guide-in/%EF%B8%8F-top-10-burp-suite-extensions-for-bug-bounty-hunters-dda6eca60617; TS=2026-04-01__04:36:07 VERSION=0.7.3 IN_DOCKER=True IS_TTY=False

> /usr/local/bin/archivebox add --depth=0 https://medium.com/bug-bounty-hunting-a-comprehensive-guide-in/%EF%B8%8F-top-10-burp-suite-extensions-for-bug-bounty-hunters-dda6eca60617; TS=2026-04-01__04:38:37 VERSION=0.7.3 IN_DOCKER=True IS_TTY=False

> /usr/local/bin/archivebox add --depth=0 https://medium.com/bug-bounty-hunting-a-comprehensive-guide-in/%EF%B8%8F-top-10-burp-suite-extensions-for-bug-bounty-hunters-dda6eca60617; TS=2026-04-01__04:39:11 VERSION=0.7.3 IN_DOCKER=True IS_TTY=False

> /usr/local/bin/archivebox add --depth=0 https://medium.com/bug-bounty-hunting-a-comprehensive-guide-in/%EF%B8%8F-top-10-burp-suite-extensions-for-bug-bounty-hunters-dda6eca60617; TS=2026-04-01__04:39:54 VERSION=0.7.3 IN_DOCKER=True IS_TTY=False

> /usr/local/bin/archivebox add --depth=0 https://medium.com/bug-bounty-hunting-a-comprehensive-guide-in/%EF%B8%8F-top-10-burp-suite-extensions-for-bug-bounty-hunters-dda6eca60617; TS=2026-04-01__04:40:39 VERSION=0.7.3 IN_DOCKER=True IS_TTY=False

> /usr/local/bin/archivebox server --quick-init 0.0.0.0:8000; TS=2026-04-01__04:50:35 VERSION=0.7.3 IN_DOCKER=True IS_TTY=False

> /usr/local/bin/archivebox server --quick-init 0.0.0.0:8000; TS=2026-04-01__04:50:35 VERSION=0.7.3 IN_DOCKER=True IS_TTY=False

> /usr/local/bin/archivebox server --quick-init 0.0.0.0:8000; TS=2026-04-01__04:50:36 VERSION=0.7.3 IN_DOCKER=True IS_TTY=False
